********************************************************************************
DUPLICATOR-LITE PACKAGE-LOG: June 23, 2020 5:14 am
NOTICE: Do NOT post to public sites or forums 
********************************************************************************
VERSION:	1.3.36
WORDPRESS:	5.4.2
PHP INFO:	7.3.12 | SAPI: apache2handler
SERVER:		Apache/2.4.41 (Win64) OpenSSL/1.1.1c PHP/7.3.12 
PHP TIME LIMIT: (0) no time limit imposed 
PHP MAX MEMORY: 4294967296 (128M default) 
MEMORY STACK: 2MB

********************************************************************************
DATABASE:
********************************************************************************
BUILD MODE:   PHP(query limit - 100)
MYSQLTIMEOUT: 5000
MYSQLDUMP:    Not Supported
TABLES: total:13 | filtered:0 | create:13
FILTERED: []
SQL CREATED: 20200623_homehttps_c28c904a3873658e3929_20200623051331_database.sql
SQL FILE SIZE: 623.87KB (638840)
SQL FILE TIME: 2020-06-23 05:14:06
SQL RUNTIME: 1.21 sec.

********************************************************************************
ARCHIVE (ZIP):
********************************************************************************
ARCHIVE DIR:  C:/wamp64/www/wordpress/home
ARCHIVE FILE: 20200623_homehttps_c28c904a3873658e3929_20200623051331_archive.zip
FILTERS: *OFF*
DIRS:
	not set
FILES:
	not set
EXTS:  not set
----------------------------------------
COMPRESSING
SIZE:	50.58MB
STATS:	Dirs 293 | Files 2,384
SQL ADDED: 20200623_homehttps_c28c904a3873658e3929_20200623051331_database.sql
ZipArchive Object
(
    [status] => 0
    [statusSys] => 0
    [numFiles] => 2677
    [filename] => C:\wamp64\www\wordpress\home\wp-content\backups-dup-lite\tmp\20200623_homehttps_c28c904a3873658e3929_20200623051331_archive.zip
    [comment] => 
)

FILE ADDED TO ZIP: 2676
COMPRESSION RESULT: '1'
COMPRESSED SIZE: 15.7MB
ARCHIVE RUNTIME: 9.35 sec.
MEMORY STACK: 4MB
building installer
add_extra_files1
add_extra_files2
add_extra_files3
add_extra_files4
Doing archive file check
add_extra_files5
add_extra_files6
add_extra_files8
Successfully opened zip C:/wamp64/www/wordpress/home/wp-content/backups-dup-lite/tmp/20200623_homehttps_c28c904a3873658e3929_20200623051331_archive.zip
Adding enhanced installer files to archive using ZipArchive
Installer files added to archive
Added to archive
After ziparchive close when adding installer

********************************************************************************
INTEGRITY CHECKS:
********************************************************************************
SQL FILE: 623.87KB
INSTALLER FILE: 61.32KB
ARCHIVE FILE: 17.18MB 
EXPECTED FILE/DIRECTORY COUNT: 2,677
ACTUAL FILE/DIRECTORY COUNT: 2,676
ARCHIVE CONSISTENCY TEST: Pass

********************************************************************************
RECORD ID:[1]
TOTAL PROCESS RUNTIME: 12.31 sec.
PEAK PHP MEMORY USED: 6MB
DONE PROCESSING => 20200623_homehttps June 23, 2020 5:14 am

